c:\users\0\desktop\practice1\making_calculator\x64\debug\vc143.pdb
c:\users\0\desktop\practice1\making_calculator\x64\debug\vc143.idb
c:\users\0\desktop\practice1\making_calculator\x64\debug\subtraction.obj
c:\users\0\desktop\practice1\making_calculator\x64\debug\main.obj
c:\users\0\desktop\practice1\making_calculator\x64\debug\multiplication.obj
c:\users\0\desktop\practice1\making_calculator\x64\debug\division.obj
c:\users\0\desktop\practice1\making_calculator\x64\debug\calculator.obj
c:\users\0\desktop\practice1\making_calculator\x64\debug\addition.obj
c:\users\0\desktop\practice1\making_calculator\x64\debug\making_calculator.pdb
c:\users\0\desktop\practice1\making_calculator\x64\debug\making_c.74229a90.tlog\cl.command.1.tlog
c:\users\0\desktop\practice1\making_calculator\x64\debug\making_c.74229a90.tlog\cl.read.1.tlog
c:\users\0\desktop\practice1\making_calculator\x64\debug\making_c.74229a90.tlog\cl.write.1.tlog
c:\users\0\desktop\practice1\making_calculator\x64\debug\making_c.74229a90.tlog\link-cvtres.read.1.tlog
c:\users\0\desktop\practice1\making_calculator\x64\debug\making_c.74229a90.tlog\link-cvtres.write.1.tlog
c:\users\0\desktop\practice1\making_calculator\x64\debug\making_c.74229a90.tlog\link-rc.read.1.tlog
c:\users\0\desktop\practice1\making_calculator\x64\debug\making_c.74229a90.tlog\link-rc.write.1.tlog
c:\users\0\desktop\practice1\making_calculator\x64\debug\making_c.74229a90.tlog\link.command.1.tlog
c:\users\0\desktop\practice1\making_calculator\x64\debug\making_c.74229a90.tlog\link.read.1.tlog
c:\users\0\desktop\practice1\making_calculator\x64\debug\making_c.74229a90.tlog\link.read.2.tlog
c:\users\0\desktop\practice1\making_calculator\x64\debug\making_c.74229a90.tlog\link.write.1.tlog
